Arguments: 
  /usr/local/Cellar/node/9.7.1_1/bin/node /usr/local/bin/yarn

PATH: 
  /usr/local/bin:/usr/bin:/bin:/usr/sbin:/sbin

Yarn version: 
  1.5.1

Node version: 
  9.7.1

Platform: 
  darwin x64

npm manifest: 
  {
    "name": "uploadImg-node",
    "version": "1.0.0",
    "description": "",
    "main": "index.js",
    "scripts": {
      "test": "echo \"Error: no test specified\" && exit 1",
      "start": "hotnode app"
    },
    "keywords": [],
    "author": "",
    "license": "ISC",
    "dependencies": {
      "express": "^4.16.2",
      "multer": "^1.3.0"
    }
  }

yarn manifest: 
  No manifest

Lockfile: 
  No lockfile

Trace: 
  Error: Couldn't find package "cookie@0.3.1" required by "express@^4.16.2" on the "npm" registry.
      at new MessageError (/usr/local/lib/node_modules/yarn/lib/cli.js:186:110)
      at PackageRequest.<anonymous> (/usr/local/lib/node_modules/yarn/lib/cli.js:36274:17)
      at Generator.throw (<anonymous>)
      at step (/usr/local/lib/node_modules/yarn/lib/cli.js:98:30)
      at /usr/local/lib/node_modules/yarn/lib/cli.js:111:13
      at <anonymous>
      at process._tickCallback (internal/process/next_tick.js:118:7)
